app/build/intermediates/manifest_merge_blame_file/debug/manifest-merger-blame-debug-report.txt
1<?xml version="1.0" encoding="utf-8"?>
2<manifest xmlns:android="http://schemas.android.com/apk/res/android"
3    package="com.example.shivam.project1"
4    android:versionCode="1"
5    android:versionName="1.0" >
6
7    <uses-sdk
8        android:minSdkVersion="22"
8-->src\main\AndroidManifest.xml
9        android:targetSdkVersion="28" />
9-->src\main\AndroidManifest.xml
10
11    <uses-permission android:name="android.permission.ACCESS_FINE_LOCATION" />
11-->src\main\AndroidManifest.xml:6:5-79
11-->src\main\AndroidManifest.xml:6:22-76
12    <uses-permission android:name="android.permission.ACCESS_COARSE_LOCATION" />
12-->src\main\AndroidManifest.xml:7:5-81
12-->src\main\AndroidManifest.xml:7:22-78
13    <uses-permission android:name="android.permission.SEND_SMS" />
13-->src\main\AndroidManifest.xml:8:5-67
13-->src\main\AndroidManifest.xml:8:22-64
14    <uses-permission android:name="android.permission.VIBRATE" />
14-->src\main\AndroidManifest.xml:9:5-65
14-->src\main\AndroidManifest.xml:9:22-63
15    <uses-permission android:name="android.permission.READ_SMS" />
15-->src\main\AndroidManifest.xml:10:5-67
15-->src\main\AndroidManifest.xml:10:22-64
16    <uses-permission android:name="android.permission.FOREGROUND_SERVICE" />
16-->src\main\AndroidManifest.xml:11:5-77
16-->src\main\AndroidManifest.xml:11:22-74
17    <uses-permission android:name="android.permission.CALL_PHONE" />
17-->src\main\AndroidManifest.xml:12:5-69
17-->src\main\AndroidManifest.xml:12:22-66
18    <uses-permission android:name="android.permission.READ_PHONE_STATE" />
18-->src\main\AndroidManifest.xml:13:5-75
18-->src\main\AndroidManifest.xml:13:22-72
19    <uses-permission android:name="android.permission.VIBRATE" />
19-->src\main\AndroidManifest.xml:9:5-65
19-->src\main\AndroidManifest.xml:9:22-63
20    <uses-permission android:name="android.permission.RECORD_AUDIO" />
20-->src\main\AndroidManifest.xml:15:5-71
20-->src\main\AndroidManifest.xml:15:22-68
21    <uses-permission android:name="android.permission.WRITE_EXTERNAL_STORAGE" />
21-->src\main\AndroidManifest.xml:16:5-81
21-->src\main\AndroidManifest.xml:16:22-78
22    <uses-permission android:name="android.permission.ACCESS_BACKGROUND_LOCATION" />
22-->src\main\AndroidManifest.xml:17:5-85
22-->src\main\AndroidManifest.xml:17:22-82
23    <uses-permission android:name="android.permission.ACCESS_WIFI_STATE" />
23-->[com.google.android.libraries.places:places:2.1.0] AndroidManifest.xml:10:5-76
23-->[com.google.android.libraries.places:places:2.1.0] AndroidManifest.xml:10:22-73
24    <uses-permission android:name="android.permission.INTERNET" /> <!-- Include required permissions for Google Maps API to run. -->
24-->[com.google.android.libraries.places:places:2.1.0] AndroidManifest.xml:11:5-67
24-->[com.google.android.libraries.places:places:2.1.0] AndroidManifest.xml:11:22-64
25    <uses-permission android:name="android.permission.ACCESS_NETWORK_STATE" />
25-->[com.google.android.gms:play-services-maps:17.0.0] AndroidManifest.xml:23:5-79
25-->[com.google.android.gms:play-services-maps:17.0.0] AndroidManifest.xml:23:22-76
26
27    <uses-feature
27-->[com.google.android.gms:play-services-maps:17.0.0] AndroidManifest.xml:26:5-28:35
28        android:glEsVersion="0x00020000"
28-->[com.google.android.gms:play-services-maps:17.0.0] AndroidManifest.xml:27:9-41
29        android:required="true" />
29-->[com.google.android.gms:play-services-maps:17.0.0] AndroidManifest.xml:28:9-32
30
31    <application
31-->src\main\AndroidManifest.xml:19:5-67:19
32        android:allowBackup="true"
32-->src\main\AndroidManifest.xml:20:9-35
33        android:appComponentFactory="androidx.core.app.CoreComponentFactory"
33-->[androidx.core:core:1.1.0] AndroidManifest.xml:24:18-86
34        android:debuggable="true"
35        android:icon="@drawable/womenlogo"
35-->src\main\AndroidManifest.xml:21:9-43
36        android:label="Women Safety"
36-->src\main\AndroidManifest.xml:22:9-37
37        android:roundIcon="@mipmap/ic_launcher_round"
37-->src\main\AndroidManifest.xml:23:9-54
38        android:supportsRtl="true"
38-->src\main\AndroidManifest.xml:24:9-35
39        android:testOnly="true"
40        android:theme="@style/AppTheme"
40-->src\main\AndroidManifest.xml:25:9-40
41        android:windowSoftInputMode="stateHidden|adjustPan" >
41-->src\main\AndroidManifest.xml:27:9-60
42        <activity
42-->src\main\AndroidManifest.xml:30:9-37:20
43            android:name="com.example.shivam.project1.Splash"
43-->src\main\AndroidManifest.xml:30:19-41
44            android:theme="@style/NoActionBarTheme" >
44-->src\main\AndroidManifest.xml:31:13-52
45            <intent-filter>
45-->src\main\AndroidManifest.xml:32:13-36:29
46                <action android:name="android.intent.action.MAIN" />
46-->src\main\AndroidManifest.xml:33:17-69
46-->src\main\AndroidManifest.xml:33:25-66
47
48                <category android:name="android.intent.category.LAUNCHER" />
48-->src\main\AndroidManifest.xml:35:17-77
48-->src\main\AndroidManifest.xml:35:27-74
49            </intent-filter>
50        </activity>
51
52        <meta-data
52-->src\main\AndroidManifest.xml:39:9-41:71
53            android:name="com.google.android.geo.API_KEY"
53-->src\main\AndroidManifest.xml:40:13-58
54            android:value="AIzaSyD3_x8LFqGJhkWZBba-miMGID2m-tnuNiI" />
54-->src\main\AndroidManifest.xml:41:13-68
55
56        <activity
56-->src\main\AndroidManifest.xml:43:9-47:20
57            android:name="com.example.shivam.project1.register"
57-->src\main\AndroidManifest.xml:44:13-37
58            android:theme="@style/NoActionBarTheme" >
58-->src\main\AndroidManifest.xml:45:13-52
59        </activity>
60
61        <service
61-->src\main\AndroidManifest.xml:49:9-52:39
62            android:name="com.example.shivam.project1.TrackerService"
62-->src\main\AndroidManifest.xml:50:13-43
63            android:enabled="true"
63-->src\main\AndroidManifest.xml:51:13-35
64            android:exported="true" />
64-->src\main\AndroidManifest.xml:52:13-36
65
66        <activity
66-->src\main\AndroidManifest.xml:54:9-56:55
67            android:name="com.example.shivam.project1.details"
67-->src\main\AndroidManifest.xml:55:13-36
68            android:theme="@style/NoActionBarTheme" />
68-->src\main\AndroidManifest.xml:56:13-52
69
70        <service android:name="com.example.shivam.project1.ShakeService" />
70-->src\main\AndroidManifest.xml:58:9-49
70-->src\main\AndroidManifest.xml:58:18-46
71
72        <activity android:name="com.example.shivam.project1.fragmentAddSafetyRatings" />
72-->src\main\AndroidManifest.xml:60:9-62
72-->src\main\AndroidManifest.xml:60:19-59
73        <activity
73-->src\main\AndroidManifest.xml:61:9-64:59
74            android:name="com.example.shivam.project1.MainActivity"
74-->src\main\AndroidManifest.xml:62:13-41
75            android:theme="@style/AppTheme.NoActionBar"
75-->src\main\AndroidManifest.xml:64:13-56
76            android:windowSoftInputMode="stateAlwaysHidden" />
76-->src\main\AndroidManifest.xml:63:13-60
77        <activity android:name="com.example.shivam.project1.List" />
77-->src\main\AndroidManifest.xml:65:9-42
77-->src\main\AndroidManifest.xml:65:19-39
78        <activity android:name="com.example.shivam.project1.FollowContact" />
78-->src\main\AndroidManifest.xml:66:9-51
78-->src\main\AndroidManifest.xml:66:19-48
79        <activity
79-->[com.google.android.libraries.places:places:2.1.0] AndroidManifest.xml:14:9-20:20
80            android:name="com.google.android.libraries.places.widget.AutocompleteActivity"
80-->[com.google.android.libraries.places:places:2.1.0] AndroidManifest.xml:15:13-91
81            android:exported="false"
81-->[com.google.android.libraries.places:places:2.1.0] AndroidManifest.xml:16:13-37
82            android:label="@string/places_autocomplete_label"
82-->[com.google.android.libraries.places:places:2.1.0] AndroidManifest.xml:17:13-62
83            android:theme="@style/PlacesAutocompleteOverlay"
83-->[com.google.android.libraries.places:places:2.1.0] AndroidManifest.xml:18:13-61
84            android:windowSoftInputMode="adjustResize" >
84-->[com.google.android.libraries.places:places:2.1.0] AndroidManifest.xml:19:13-55
85        </activity> <!-- Needs to be explicitly declared on P+ -->
86        <uses-library
86-->[com.google.android.gms:play-services-maps:17.0.0] AndroidManifest.xml:33:9-35:40
87            android:name="org.apache.http.legacy"
87-->[com.google.android.gms:play-services-maps:17.0.0] AndroidManifest.xml:34:13-50
88            android:required="false" />
88-->[com.google.android.gms:play-services-maps:17.0.0] AndroidManifest.xml:35:13-37
89
90        <activity
90-->[com.google.firebase:firebase-auth:19.2.0] AndroidManifest.xml:24:9-31:50
91            android:name="com.google.firebase.auth.internal.FederatedSignInActivity"
91-->[com.google.firebase:firebase-auth:19.2.0] AndroidManifest.xml:25:13-85
92            android:excludeFromRecents="true"
92-->[com.google.firebase:firebase-auth:19.2.0] AndroidManifest.xml:26:13-46
93            android:exported="true"
93-->[com.google.firebase:firebase-auth:19.2.0] AndroidManifest.xml:27:13-36
94            android:launchMode="singleTask"
94-->[com.google.firebase:firebase-auth:19.2.0] AndroidManifest.xml:28:13-44
95            android:permission="com.google.firebase.auth.api.gms.permission.LAUNCH_FEDERATED_SIGN_IN"
95-->[com.google.firebase:firebase-auth:19.2.0] AndroidManifest.xml:29:13-102
96            android:theme="@android:style/Theme.Translucent.NoTitleBar" />
96-->[com.google.firebase:firebase-auth:19.2.0] AndroidManifest.xml:30:13-72
97
98        <service
98-->[com.google.firebase:firebase-auth:19.2.0] AndroidManifest.xml:33:9-39:19
99            android:name="com.google.firebase.components.ComponentDiscoveryService"
99-->[com.google.firebase:firebase-auth:19.2.0] AndroidManifest.xml:34:13-84
100            android:directBootAware="true"
100-->[com.google.firebase:firebase-common:19.3.0] AndroidManifest.xml:34:13-43
101            android:exported="false" >
101-->[com.google.firebase:firebase-auth:19.2.0] AndroidManifest.xml:35:13-37
102            <meta-data
102-->[com.google.firebase:firebase-auth:19.2.0] AndroidManifest.xml:36:13-38:85
103                android:name="com.google.firebase.components:com.google.firebase.auth.FirebaseAuthRegistrar"
103-->[com.google.firebase:firebase-auth:19.2.0] AndroidManifest.xml:37:17-109
104                android:value="com.google.firebase.components.ComponentRegistrar" />
104-->[com.google.firebase:firebase-auth:19.2.0] AndroidManifest.xml:38:17-82
105            <meta-data
105-->[com.google.firebase:firebase-database:19.2.1] AndroidManifest.xml:32:13-34:85
106                android:name="com.google.firebase.components:com.google.firebase.database.DatabaseRegistrar"
106-->[com.google.firebase:firebase-database:19.2.1] AndroidManifest.xml:33:17-109
107                android:value="com.google.firebase.components.ComponentRegistrar" />
107-->[com.google.firebase:firebase-database:19.2.1] AndroidManifest.xml:34:17-82
108            <meta-data
108-->[com.google.firebase:firebase-firestore:21.4.0] AndroidManifest.xml:20:13-22:85
109                android:name="com.google.firebase.components:com.google.firebase.firestore.FirestoreRegistrar"
109-->[com.google.firebase:firebase-firestore:21.4.0] AndroidManifest.xml:21:17-111
110                android:value="com.google.firebase.components.ComponentRegistrar" />
110-->[com.google.firebase:firebase-firestore:21.4.0] AndroidManifest.xml:22:17-82
111        </service>
112
113        <activity
113-->[com.google.android.gms:play-services-base:17.1.0] AndroidManifest.xml:23:9-26:75
114            android:name="com.google.android.gms.common.api.GoogleApiActivity"
114-->[com.google.android.gms:play-services-base:17.1.0] AndroidManifest.xml:24:13-79
115            android:exported="false"
115-->[com.google.android.gms:play-services-base:17.1.0] AndroidManifest.xml:25:13-37
116            android:theme="@android:style/Theme.Translucent.NoTitleBar" />
116-->[com.google.android.gms:play-services-base:17.1.0] AndroidManifest.xml:26:13-72
117
118        <provider
118-->[com.google.firebase:firebase-common:19.3.0] AndroidManifest.xml:26:9-30:39
119            android:name="com.google.firebase.provider.FirebaseInitProvider"
119-->[com.google.firebase:firebase-common:19.3.0] AndroidManifest.xml:27:13-77
120            android:authorities="com.example.shivam.project1.firebaseinitprovider"
120-->[com.google.firebase:firebase-common:19.3.0] AndroidManifest.xml:28:13-72
121            android:exported="false"
121-->[com.google.firebase:firebase-common:19.3.0] AndroidManifest.xml:29:13-37
122            android:initOrder="100" />
122-->[com.google.firebase:firebase-common:19.3.0] AndroidManifest.xml:30:13-36
123
124        <meta-data
124-->[com.google.android.gms:play-services-basement:17.0.0] AndroidManifest.xml:23:9-25:69
125            android:name="com.google.android.gms.version"
125-->[com.google.android.gms:play-services-basement:17.0.0] AndroidManifest.xml:24:13-58
126            android:value="@integer/google_play_services_version" />
126-->[com.google.android.gms:play-services-basement:17.0.0] AndroidManifest.xml:25:13-66
127
128        <provider
128-->[androidx.lifecycle:lifecycle-process:2.1.0] AndroidManifest.xml:23:9-27:43
129            android:name="androidx.lifecycle.ProcessLifecycleOwnerInitializer"
129-->[androidx.lifecycle:lifecycle-process:2.1.0] AndroidManifest.xml:24:13-79
130            android:authorities="com.example.shivam.project1.lifecycle-process"
130-->[androidx.lifecycle:lifecycle-process:2.1.0] AndroidManifest.xml:25:13-69
131            android:exported="false"
131-->[androidx.lifecycle:lifecycle-process:2.1.0] AndroidManifest.xml:26:13-37
132            android:multiprocess="true" />
132-->[androidx.lifecycle:lifecycle-process:2.1.0] AndroidManifest.xml:27:13-40
133    </application>
134
135</manifest>